<?xml version="1.0" encoding="UTF-8"?>
<!-- Generated by org.testng.reporters.JUnitXMLReporter -->
<testsuite hostname="OGITs-MacBook-Pro.local" ignored="0" name="Command line test" tests="10" failures="0" timestamp="2020-06-23T02:44:28 CEST" time="0.608" errors="0">
  <testcase name="shouldExcludeProvider" time="0.004" classname="com.iptiq.loadbalancer.LoadBalancerTest"/>
  <testcase name="shouldIncludeProvider" time="0.0" classname="com.iptiq.loadbalancer.LoadBalancerTest"/>
  <testcase name="shouldNotThrowNoAvailableProvidersException" time="0.004" classname="com.iptiq.loadbalancer.LoadBalancerTest"/>
  <testcase name="shouldRegisterNewProvider" time="0.0" classname="com.iptiq.loadbalancer.LoadBalancerTest"/>
  <testcase name="shouldReturnActiveProvidersOnly" time="0.0" classname="com.iptiq.loadbalancer.LoadBalancerTest"/>
  <testcase name="shouldThrowMaxNumberOfProvidersReachedException" time="0.001" classname="com.iptiq.loadbalancer.LoadBalancerTest"/>
  <testcase name="shouldGetRandomProvider" time="0.105" classname="com.iptiq.loadbalancer.RandomLoadBalancerTest"/>
  <testcase name="shouldThrowNoAvailableProvidersException" time="0.001" classname="com.iptiq.loadbalancer.RandomLoadBalancerTest"/>
  <testcase name="shouldGetRoundRobinProvider" time="0.105" classname="com.iptiq.loadbalancer.RoundRobinLoadBalancerTest"/>
  <testcase name="shouldThrowNoAvailableProvidersException" time="0.001" classname="com.iptiq.loadbalancer.RoundRobinLoadBalancerTest"/>
</testsuite> <!-- Command line test -->
